\BOOKMARK [0][-]{chapter*.2}{\376\377\004\022\004\022\004\025\004\024\004\025\004\035\004\030\004\025}{}% 1
\BOOKMARK [0][-]{chapter.1}{\376\377\004\020\004\075\004\060\004\073\004\070\004\102\004\070\004\107\004\065\004\101\004\072\004\060\004\117\000\040\004\107\004\060\004\101\004\102\004\114}{}% 2
\BOOKMARK [1][-]{section.1.1}{\376\377\004\020\004\073\004\063\004\076\004\100\004\070\004\102\004\074\004\113\000\040\004\103\004\064\004\060\004\073\004\065\004\075\004\070\004\117\000\040\004\075\004\065\004\062\004\070\004\064\004\070\004\074\004\113\004\105\000\040\004\077\004\076\004\062\004\065\004\100\004\105\004\075\004\076\004\101\004\102\004\065\004\071\000\040\004\070\004\073\004\070\000\040\004\073\004\070\004\075\004\070\004\071}{chapter.1}% 3
\BOOKMARK [1][-]{section.1.2}{\376\377\004\036\004\102\004\100\004\060\004\066\004\065\004\075\004\070\004\065}{chapter.1}% 4
\BOOKMARK [1][-]{section.1.3}{\376\377\004\034\004\076\004\064\004\065\004\073\004\114\000\040\004\076\004\101\004\062\004\065\004\111\004\065\004\075\004\070\004\117}{chapter.1}% 5
\BOOKMARK [1][-]{section.1.4}{\376\377\004\027\004\060\004\072\004\100\004\060\004\101\004\072\004\060}{chapter.1}% 6
\BOOKMARK [1][-]{section.1.5}{\376\377\004\037\004\100\004\065\004\064\004\101\004\102\004\060\004\062\004\073\004\065\004\075\004\070\004\065\000\040\004\076\004\061\004\112\004\065\004\072\004\102\004\076\004\062\000\040\004\101\004\106\004\065\004\075\004\113}{chapter.1}% 7
\BOOKMARK [1][-]{section.1.6}{\376\377\004\041\004\100\004\060\004\062\004\075\004\065\004\075\004\070\004\065\000\040\004\060\004\073\004\063\004\076\004\100\004\070\004\102\004\074\004\076\004\062\000\040\004\103\004\064\004\060\004\073\004\065\004\075\004\070\004\117\000\040\004\075\004\065\004\062\004\070\004\064\004\070\004\074\004\113\004\105\000\040\004\077\004\076\004\062\004\065\004\100\004\105\004\075\004\076\004\101\004\102\004\065\004\071\000\040\004\070\000\040\004\073\004\070\004\075\004\070\004\071}{chapter.1}% 8
\BOOKMARK [1][-]{section.1.7}{\376\377\004\023\004\065\004\075\004\065\004\100\004\060\004\106\004\070\004\117\000\040\004\063\004\076\004\100\004\075\004\076\004\063\004\076\000\040\004\073\004\060\004\075\004\064\004\110\004\060\004\104\004\102\004\060}{chapter.1}% 9
\BOOKMARK [1][-]{section.1.8}{\376\377\004\044\004\076\004\100\004\074\004\060\004\073\004\070\004\067\004\060\004\106\004\070\004\117\000\040\004\067\004\060\004\064\004\060\004\107\004\070}{chapter.1}% 10
\BOOKMARK [1][-]{section.1.9}{\376\377\004\022\004\113\004\062\004\076\004\064}{chapter.1}% 11
\BOOKMARK [0][-]{chapter.2}{\376\377\004\032\004\076\004\075\004\101\004\102\004\100\004\103\004\072\004\102\004\076\004\100\004\101\004\072\004\060\004\117\000\040\004\107\004\060\004\101\004\102\004\114}{}% 12
\BOOKMARK [1][-]{section.2.1}{\376\377\004\020\004\073\004\063\004\076\004\100\004\070\004\102\004\074\000\040\004\077\004\076\004\101\004\102\004\100\004\076\004\065\004\075\004\070\004\117\000\040\004\070\004\067\004\076\004\061\004\100\004\060\004\066\004\065\004\075\004\070\004\117}{chapter.2}% 13
\BOOKMARK [1][-]{section.2.2}{\376\377\004\034\004\060\004\102\004\065\004\074\004\060\004\102\004\070\004\107\004\065\004\101\004\072\004\070\004\065\000\040\004\076\004\101\004\075\004\076\004\062\004\113\000\040\004\060\004\073\004\063\004\076\004\100\004\070\004\102\004\074\004\076\004\062}{chapter.2}% 14
\BOOKMARK [1][-]{section.2.3}{\376\377\004\022\004\113\004\062\004\076\004\064}{chapter.2}% 15
\BOOKMARK [0][-]{chapter.3}{\376\377\004\042\004\065\004\105\004\075\004\076\004\073\004\076\004\063\004\070\004\107\004\065\004\101\004\072\004\060\004\117\000\040\004\107\004\060\004\101\004\102\004\114}{}% 16
\BOOKMARK [1][-]{section.3.1}{\376\377\004\041\004\100\004\065\004\064\004\101\004\102\004\062\004\060\000\040\004\100\004\065\004\060\004\073\004\070\004\067\004\060\004\106\004\070\004\070}{chapter.3}% 17
\BOOKMARK [1][-]{section.3.2}{\376\377\004\024\004\070\004\060\004\063\004\100\004\060\004\074\004\074\004\060\000\040\004\072\004\073\004\060\004\101\004\101\004\076\004\062}{chapter.3}% 18
\BOOKMARK [1][-]{section.3.3}{\376\377\004\037\004\100\004\070\004\074\004\065\004\100\000\040\004\100\004\060\004\061\004\076\004\102\004\113\000\040\004\077\004\100\004\076\004\063\004\100\004\060\004\074\004\074\004\113}{chapter.3}% 19
\BOOKMARK [0][-]{chapter.4}{\376\377\004\030\004\101\004\101\004\073\004\065\004\064\004\076\004\062\004\060\004\102\004\065\004\073\004\114\004\101\004\072\004\060\004\117\000\040\004\107\004\060\004\101\004\102\004\114}{}% 20
\BOOKMARK [1][-]{section.4.1}{\376\377\004\042\004\065\004\105\004\075\004\070\004\107\004\065\004\101\004\072\004\070\004\065\000\040\004\105\004\060\004\100\004\060\004\072\004\102\004\065\004\100\004\070\004\101\004\102\004\070\004\072\004\070}{chapter.4}% 21
\BOOKMARK [1][-]{section.4.2}{\376\377\004\027\004\060\004\062\004\070\004\101\004\070\004\074\004\076\004\101\004\102\004\114\000\040\004\062\004\100\004\065\004\074\004\065\004\075\004\070\000\040\004\101\004\076\004\067\004\064\004\060\004\075\004\070\004\117\000\040\004\070\004\067\004\076\004\061\004\100\004\060\004\066\004\065\004\075\004\070\004\117\000\040\004\076\004\102\000\040\004\072\004\076\004\073\004\070\004\107\004\065\004\101\004\102\004\062\004\060\000\040\004\077\004\076\004\102\004\076\004\072\004\076\004\062}{chapter.4}% 22
\BOOKMARK [1][-]{section.4.3}{\376\377\004\022\004\113\004\062\004\076\004\064}{chapter.4}% 23
\BOOKMARK [0][-]{chapter*.21}{\376\377\004\027\004\020\004\032\004\033\004\056\004\047\004\025\004\035\004\030\004\025}{}% 24
\BOOKMARK [0][-]{chapter*.22}{\376\377\004\041\004\037\004\030\004\041\004\036\004\032\000\040\004\030\004\041\004\037\004\036\004\033\004\054\004\027\004\036\004\022\004\020\004\035\004\035\004\053\004\045\000\040\004\030\004\041\004\042\004\036\004\047\004\035\004\030\004\032\004\036\004\022}{}% 25
